INFO  2013-06-20 14:48:09,959 [main] com.gcliff.rad.engine.execute.Rad  - RAD is now working for Schema: mu_projects Table: UMTB_USER
 INFO  2013-06-20 14:48:09,962 [main] com.gcliff.rad.engine.reverseEngineering.CreateEntities  - Column List: 0
 INFO  2013-06-20 14:48:09,962 [main] com.gcliff.rad.engine.backEnd.procedures.CreateProcedures  - About to create Procedures
 INFO  2013-06-20 14:48:09,965 [main] com.gcliff.rad.engine.backEnd.procedures.CreateProcedures  - About to create Procedures
 INFO  2013-06-20 14:51:15,667 [main] com.gcliff.rad.engine.execute.Rad  - RAD is now working for Schema: mu_projects Table: UMTB_USER
 INFO  2013-06-20 14:51:15,669 [main] com.gcliff.rad.engine.reverseEngineering.CreateEntities  - Column List: 0
 INFO  2013-06-20 14:51:15,669 [main] com.gcliff.rad.engine.backEnd.procedures.CreateProcedures  - About to create Procedures
 INFO  2013-06-20 14:51:15,671 [main] com.gcliff.rad.engine.backEnd.procedures.CreateProcedures  - About to create Procedures
 INFO  2013-06-20 20:29:29,006 [main] com.gcliff.rad.engine.execute.Rad  - RAD is now working for Schema: mu_projects Table: UMTB_USER
 INFO  2013-06-20 20:29:29,021 [main] com.gcliff.rad.engine.reverseEngineering.CreateEntities  - Column List: 0
 INFO  2013-06-20 20:29:29,021 [main] com.gcliff.rad.engine.backEnd.procedures.CreateProcedures  - About to create Procedures
 INFO  2013-06-20 20:29:29,023 [main] com.gcliff.rad.engine.backEnd.procedures.CreateProcedures  - About to create Procedures
 INFO  2013-06-20 20:30:53,869 [main] com.gcliff.rad.engine.execute.Rad  - RAD is now working for Schema: mu_projects Table: UMTB_USER
 INFO  2013-06-20 20:30:53,871 [main] com.gcliff.rad.engine.reverseEngineering.CreateEntities  - Column List: 0
 INFO  2013-06-20 20:30:53,872 [main] com.gcliff.rad.engine.backEnd.procedures.CreateProcedures  - About to create Procedures
 INFO  2013-06-20 20:30:53,873 [main] com.gcliff.rad.engine.backEnd.procedures.CreateProcedures  - About to create Procedures
 INFO  2013-06-20 20:32:05,084 [main] com.gcliff.rad.engine.execute.Rad  - RAD is now working for Schema: mu_projects Table: UMTB_USER
 INFO  2013-06-20 20:32:05,086 [main] com.gcliff.rad.engine.reverseEngineering.CreateEntities  - Column List: 0
 INFO  2013-06-20 20:32:05,086 [main] com.gcliff.rad.engine.backEnd.procedures.CreateProcedures  - About to create Procedures
 INFO  2013-06-20 20:32:05,088 [main] com.gcliff.rad.engine.backEnd.procedures.CreateProcedures  - About to create Procedures
 INFO  2013-06-20 20:32:53,717 [main] com.gcliff.rad.engine.reverseEngineering.CreateEntities  - Executing: [SELECT * FROM COLUMNS WHERE TABLE_SCHEMA = 'null' AND TABLE_NAME = 'null']
 INFO  2013-06-20 20:33:13,177 [main] com.gcliff.rad.engine.reverseEngineering.CreateEntities  - Executing: [SELECT * FROM COLUMNS WHERE TABLE_SCHEMA = 'null' AND TABLE_NAME = 'null']
 INFO  2013-06-20 20:37:07,428 [main] com.gcliff.rad.engine.reverseEngineering.CreateEntities  - Executing: [SELECT * FROM COLUMNS WHERE TABLE_SCHEMA = 'mu_projects' AND TABLE_NAME = 'UMTB_USER']
 INFO  2013-06-20 20:37:22,553 [main] com.gcliff.rad.engine.reverseEngineering.CreateEntities  - Executing: [SELECT * FROM COLUMNS WHERE TABLE_SCHEMA = 'mu_projects' AND TABLE_NAME = 'UMTB_USER']
 INFO  2013-06-20 20:42:36,659 [main] com.gcliff.rad.engine.reverseEngineering.CreateEntities  - Executing: [SELECT * FROM COLUMNS WHERE TABLE_SCHEMA = 'mu_projects' AND TABLE_NAME = 'UMTB_USER']
 INFO  2013-06-20 20:42:36,699 [main] com.gcliff.rad.engine.reverseEngineering.CreateEntities  - Column List: 11
 INFO  2013-06-20 20:42:36,699 [main] com.gcliff.rad.engine.backEnd.procedures.CreateProcedures  - About to create Procedures
 INFO  2013-06-20 20:42:36,702 [main] com.gcliff.rad.engine.backEnd.procedures.CreateProcedures  - About to create Procedures
 